{
  "shader": {
    "sources": {
      "vertex": "#version 450 core\n\nlayout(location = 0) in vec2 vertexPosition;\nlayout(location = 1) in vec2 vertexUV;\n\nlayout(location = 0) out vec2 fragUV;\n\nlayout(binding = 0) uniform sampler2D _tx0;\n\nvoid main()\n{\n\tvec4 clip = vec4(vertexPosition, 0.0, 1.0);\n\tgl_Position = clip;\n\tfragUV = vertexUV;\n}\n",
      "fragment": "#version 450 core\n\nlayout(location = 0) in vec2 fragUV;\n\nlayout(location = 0) out vec4 pixelColor;\n\nlayout(binding = 0) uniform sampler2D _tx0;\n\nvoid main()\n{\n\tpixelColor = texture(_tx0, fragUV);\n}\n"
    }
  },
  "layouts": [
    {
      "location": 0,
      "type": "Vector2",
      "name": "vertexPosition"
    },
    {
      "location": 1,
      "type": "Vector2",
      "name": "vertexUV"
    }
  ],
  "framebuffers": [
    {
      "location": 0,
      "type": "Color",
      "name": "pixelColor"
    }
  ],
  "textures": [
    {
      "location": 0,
      "luminaName": "mainTexture",
      "type": "sampler2D",
      "scope": "constant"
    }
  ],
  "constants": [],
  "attributes": []
}
